{"t":{"$date":"2026-06-12T14:25:55.742+02:00"},"s":"I",  "c":"CONTROL",  "id":97374,   "ctx":"main","msg":"Automatically disabling TLS 1.0 and TLS 1.1, to force-enable TLS 1.1 specify --sslDisabledProtocols 'TLS1_0'; to force-enable TLS 1.0 specify --sslDisabledProtocols 'none'"}
{"t":{"$date":"2026-06-12T14:25:55.745+02:00"},"s":"I",  "c":"CONTROL",  "id":10500903,"ctx":"main","msg":"Not initializing OpenTelemetry metrics"}
{"t":{"$date":"2026-06-12T14:25:55.746+02:00"},"s":"I",  "c":"EXECUTOR", "id":11280000,"ctx":"main","msg":"Starting thread pool","attr":{"poolName":"AuthorizationRouter","numThreads":0,"minThreads":0,"maxThreads":1000000000}}
{"t":{"$date":"2026-06-12T14:25:55.746+02:00"},"s":"I",  "c":"NETWORK",  "id":4915701, "ctx":"main","msg":"Initialized wire specification","attr":{"spec":{"incomingExternalClient":{"minWireVersion":0,"maxWireVersion":28},"incomingInternalClient":{"minWireVersion":0,"maxWireVersion":28},"outgoing":{"minWireVersion":6,"maxWireVersion":28},"isInternalClient":true}}}
{"t":{"$date":"2026-06-12T14:25:55.746+02:00"},"s":"I",  "c":"EXECUTOR", "id":11280000,"ctx":"main","msg":"Starting thread pool","attr":{"poolName":"ThreadPool1","numThreads":0,"minThreads":0,"maxThreads":1}}
{"t":{"$date":"2026-06-12T14:25:55.748+02:00"},"s":"I",  "c":"CONTROL",  "id":9859700, "ctx":"main","msg":"Not initializing OpenTelemetry"}
{"t":{"$date":"2026-06-12T14:25:55.748+02:00"},"s":"I",  "c":"CONTROL",  "id":5945603, "ctx":"main","msg":"Multi threading initialized"}
{"t":{"$date":"2026-06-12T14:25:55.748+02:00"},"s":"I",  "c":"EXECUTOR", "id":11280000,"ctx":"main","msg":"Starting thread pool","attr":{"poolName":"ReadWriteConcernDefaults","numThreads":0,"minThreads":0,"maxThreads":1}}
{"t":{"$date":"2026-06-12T14:25:55.748+02:00"},"s":"I",  "c":"CONTROL",  "id":4615611, "ctx":"initandlisten","msg":"MongoDB starting","attr":{"pid":192476,"port":27017,"dbPath":"/home/theophilejr/Desktop/INSA/period4/DW/tp/db","architecture":"64-bit","host":"fedora"}}
{"t":{"$date":"2026-06-12T14:25:55.760+02:00"},"s":"I",  "c":"CONTROL",  "id":23403,   "ctx":"initandlisten","msg":"Build Info","attr":{"buildInfo":{"version":"8.3.2","gitVersion":"89f54eb32e217d2f7bfcad50e5919f3033bb9611","openSSLVersion":"OpenSSL 3.5.4 30 Sep 2025","modules":[],"allocator":"tcmalloc-google","environment":{"distmod":"rhel93","distarch":"x86_64","target_arch":"x86_64"}}}}
{"t":{"$date":"2026-06-12T14:25:55.760+02:00"},"s":"I",  "c":"CONTROL",  "id":51765,   "ctx":"initandlisten","msg":"Operating System","attr":{"os":{"name":"Fedora release 43 (Forty Three)","version":"Kernel 6.18.8-200.fc43.x86_64"}}}
{"t":{"$date":"2026-06-12T14:25:55.760+02:00"},"s":"I",  "c":"CONTROL",  "id":21951,   "ctx":"initandlisten","msg":"Options set by command line","attr":{"options":{"processManagement":{"fork":true},"storage":{"dbPath":"/home/theophilejr/Desktop/INSA/period4/DW/tp/db"},"systemLog":{"destination":"file","path":"/home/theophilejr/Desktop/INSA/period4/DW/tp/db/mongod.log"}}}}
{"t":{"$date":"2026-06-12T14:25:55.760+02:00"},"s":"I",  "c":"EXECUTOR", "id":11280000,"ctx":"initandlisten","msg":"Starting thread pool","attr":{"poolName":"OCSPManagerHTTP","numThreads":0,"minThreads":1,"maxThreads":10}}
{"t":{"$date":"2026-06-12T14:25:55.761+02:00"},"s":"W",  "c":"NETWORK",  "id":11621101,"ctx":"initandlisten","msg":"Overriding max connections to honor `capMemoryConsumptionForPreAuthBuffers` settings","attr":{"limit":194746}}
{"t":{"$date":"2026-06-12T14:25:55.761+02:00"},"s":"I",  "c":"NETWORK",  "id":4648601, "ctx":"initandlisten","msg":"Implicit TCP FastOpen unavailable. If TCP FastOpen is required, set at least one of the related parameters","attr":{"relatedParameters":["tcpFastOpenServer","tcpFastOpenClient","tcpFastOpenQueueSize"]}}
{"t":{"$date":"2026-06-12T14:25:55.761+02:00"},"s":"E",  "c":"CONTROL",  "id":20568,   "ctx":"initandlisten","msg":"Error setting up transport layer","attr":{"error":{"code":9001,"codeName":"SocketException","errmsg":"127.0.0.1:27017 :: caused by :: setup bind :: caused by :: Address already in use"}}}
{"t":{"$date":"2026-06-12T14:25:55.761+02:00"},"s":"I",  "c":"REPL",     "id":4784900, "ctx":"initandlisten","msg":"Stepping down the ReplicationCoordinator for shutdown","attr":{"waitTimeMillis":15000}}
{"t":{"$date":"2026-06-12T14:25:55.761+02:00"},"s":"I",  "c":"REPL",     "id":4794602, "ctx":"initandlisten","msg":"Attempting to enter quiesce mode"}
{"t":{"$date":"2026-06-12T14:25:55.761+02:00"},"s":"I",  "c":"-",        "id":6371601, "ctx":"initandlisten","msg":"Shutting down the FLE Crud thread pool"}
{"t":{"$date":"2026-06-12T14:25:55.761+02:00"},"s":"I",  "c":"COMMAND",  "id":4784901, "ctx":"initandlisten","msg":"Shutting down the MirrorMaestro"}
{"t":{"$date":"2026-06-12T14:25:55.761+02:00"},"s":"I",  "c":"SHARDING", "id":4784902, "ctx":"initandlisten","msg":"Shutting down the WaitForMajorityService"}
{"t":{"$date":"2026-06-12T14:25:55.761+02:00"},"s":"I",  "c":"NETWORK",  "id":4784905, "ctx":"initandlisten","msg":"Shutting down the global connection pool"}
{"t":{"$date":"2026-06-12T14:25:55.761+02:00"},"s":"I",  "c":"NETWORK",  "id":4784918, "ctx":"initandlisten","msg":"Shutting down the ReplicaSetMonitor"}
{"t":{"$date":"2026-06-12T14:25:55.761+02:00"},"s":"I",  "c":"SHARDING", "id":9439300, "ctx":"initandlisten","msg":"Shutting down the filtering metadata cache"}
{"t":{"$date":"2026-06-12T14:25:55.761+02:00"},"s":"I",  "c":"CONTROL",  "id":4784928, "ctx":"initandlisten","msg":"Shutting down the TTL monitor"}
{"t":{"$date":"2026-06-12T14:25:55.761+02:00"},"s":"I",  "c":"CONTROL",  "id":4784929, "ctx":"initandlisten","msg":"Acquiring the global lock for shutdown"}
{"t":{"$date":"2026-06-12T14:25:55.761+02:00"},"s":"I",  "c":"-",        "id":4784931, "ctx":"initandlisten","msg":"Dropping the scope cache for shutdown"}
{"t":{"$date":"2026-06-12T14:25:55.761+02:00"},"s":"I",  "c":"CONTROL",  "id":10500904,"ctx":"initandlisten","msg":"Shutting down OpenTelemetry metrics"}
{"t":{"$date":"2026-06-12T14:25:55.761+02:00"},"s":"I",  "c":"-",        "id":10175800,"ctx":"initandlisten","msg":"Shutting down the standalone executor"}
{"t":{"$date":"2026-06-12T14:25:55.761+02:00"},"s":"I",  "c":"CONTROL",  "id":20565,   "ctx":"initandlisten","msg":"Now exiting"}
{"t":{"$date":"2026-06-12T14:25:55.761+02:00"},"s":"I",  "c":"STORAGE",  "id":22279,   "ctx":"initandlisten","msg":"shutdown: removing fs lock..."}
{"t":{"$date":"2026-06-12T14:25:55.762+02:00"},"s":"I",  "c":"CONTROL",  "id":8423404, "ctx":"initandlisten","msg":"mongod shutdown complete","attr":{"Summary of time elapsed":{"Statistics":{"enterTerminalShutdownMillis":0,"stepDownReplCoordMillis":0,"quiesceModeMillis":0,"stopFLECrudMillis":0,"shutDownMirrorMaestroMillis":0,"shutDownWaitForMajorityServiceMillis":0,"shutDownGlobalConnectionPoolMillis":0,"shutDownSearchTaskExecutorsMillis":0,"shutDownReplicaSetMonitorMillis":0,"shutDownTTLMonitorMillis":0,"shutDownOtelMetricsMillis":0,"shutDownOtelTracesMillis":0,"shutDownFTDCMillis":0,"shutDownReplicaSetNodeExecutorMillis":0,"closeLockFileMillis":0,"shutDownOCSPMillis":0,"shutdownTaskTotalMillis":0}}}}
{"t":{"$date":"2026-06-12T14:25:55.762+02:00"},"s":"I",  "c":"CONTROL",  "id":23138,   "ctx":"initandlisten","msg":"Shutting down","attr":{"exitCode":48}}
